<?xml version="1.0" encoding="UTF-8" ?>
<testsuite tests="3" failures="3" name="com.rvg.WordCount.WordFrequencyAnalyzerTest" time="0.016" errors="0" skipped="0">
  <properties>
    <property name="idea.version" value="2020.3.2"/>
    <property name="java.runtime.name" value="OpenJDK Runtime Environment"/>
    <property name="java.vm.version" value="15.0.2+7-27"/>
    <property name="sun.boot.library.path" value="C:\Users\rgors\.jdks\openjdk-15.0.2\bin"/>
    <property name="user.country.format" value="NL"/>
    <property name="maven.multiModuleProjectDirectory" value="C:\Users\rgors\Desktop\Test\WordCount"/>
    <property name="java.vm.vendor" value="Oracle Corporation"/>
    <property name="java.vendor.url" value="https://java.oracle.com/"/>
    <property name="guice.disable.misplaced.annotation.check" value="true"/>
    <property name="path.separator" value=";"/>
    <property name="java.vm.name" value="OpenJDK 64-Bit Server VM"/>
    <property name="sun.os.patch.level" value=""/>
    <property name="user.script" value=""/>
    <property name="user.country" value="US"/>
    <property name="sun.java.launcher" value="SUN_STANDARD"/>
    <property name="java.vm.specification.name" value="Java Virtual Machine Specification"/>
    <property name="user.dir" value="C:\Users\rgors\Desktop\Test\WordCount"/>
    <property name="java.vm.compressedOopsMode" value="Zero based"/>
    <property name="java.runtime.version" value="15.0.2+7-27"/>
    <property name="os.arch" value="amd64"/>
    <property name="java.io.tmpdir" value="C:\Users\rgors\AppData\Local\Temp\"/>
    <property name="line.separator" value="
"/>
    <property name="java.vm.specification.vendor" value="Oracle Corporation"/>
    <property name="user.variant" value=""/>
    <property name="os.name" value="Windows 10"/>
    <property name="maven.ext.class.path" value="E:\2.Programma&apos;s\IntelliJ IDEA 2020.3.2\plugins\maven\lib\maven-event-listener.jar"/>
    <property name="classworlds.conf" value="E:\2.Programma&apos;s\IntelliJ IDEA 2020.3.2\plugins\maven\lib\maven3\bin\m2.conf"/>
    <property name="sun.jnu.encoding" value="Cp1252"/>
    <property name="java.library.path" value="C:\Users\rgors\.jdks\openjdk-15.0.2\bin;C:\Windows\Sun\Java\bin;C:\Windows\system32;C:\Windows;C:\Program Files (x86)\Common Files\Oracle\Java\javapath;C:\Windows\system32;C:\Windows;C:\Windows\System32\Wbem;C:\Windows\System32\WindowsPowerShell\v1.0\;C:\Windows\System32\OpenSSH\;E:\2.Programma&apos;s\Git\cmd;E:\2.Programma&apos;s\Bitvise;E:\2.Programma&apos;s\PuTTY\;C:\Program Files\CMake\bin;C:\Program Files (x86)\GNU Arm Embedded Toolchain\9 2020-q2-update\bin;C:\msys64\mingw64\bin;C:\Program Files (x86)\GNU Arm Embedded Toolchain\9 2020-q2-update\bin;C:\Users\rgors\AppData\Local\Programs\Python\Python38\Scripts\;C:\Users\rgors\AppData\Local\Programs\Python\Python38\;C:\Users\rgors\AppData\Local\Programs\Python\Python39\Scripts\;C:\Users\rgors\AppData\Local\Programs\Python\Python39\;C:\Users\rgors\AppData\Local\Microsoft\WindowsApps;E:\2.Programma&apos;s\Microsoft VS Code\bin;;."/>
    <property name="maven.conf" value="E:\2.Programma&apos;s\IntelliJ IDEA 2020.3.2\plugins\maven\lib\maven3/conf"/>
    <property name="jdk.debug" value="release"/>
    <property name="java.class.version" value="59.0"/>
    <property name="java.specification.name" value="Java Platform API Specification"/>
    <property name="sun.management.compiler" value="HotSpot 64-Bit Tiered Compilers"/>
    <property name="os.version" value="10.0"/>
    <property name="user.home" value="C:\Users\rgors"/>
    <property name="user.timezone" value="Europe/Amsterdam"/>
    <property name="file.encoding" value="UTF-8"/>
    <property name="java.specification.version" value="15"/>
    <property name="user.name" value="rgors"/>
    <property name="java.class.path" value="E:\2.Programma&apos;s\IntelliJ IDEA 2020.3.2\plugins\maven\lib\maven3\boot\plexus-classworlds-2.6.0.jar;E:\2.Programma&apos;s\IntelliJ IDEA 2020.3.2\plugins\maven\lib\maven3\boot\plexus-classworlds.license"/>
    <property name="java.vm.specification.version" value="15"/>
    <property name="sun.arch.data.model" value="64"/>
    <property name="sun.java.command" value="org.codehaus.classworlds.Launcher -Didea.version=2020.3.2 test"/>
    <property name="java.home" value="C:\Users\rgors\.jdks\openjdk-15.0.2"/>
    <property name="user.language" value="en"/>
    <property name="java.specification.vendor" value="Oracle Corporation"/>
    <property name="user.language.format" value="nl"/>
    <property name="java.vm.info" value="mixed mode, sharing"/>
    <property name="java.version" value="15.0.2"/>
    <property name="java.vendor" value="Oracle Corporation"/>
    <property name="maven.home" value="E:\2.Programma&apos;s\IntelliJ IDEA 2020.3.2\plugins\maven\lib\maven3"/>
    <property name="file.separator" value="\"/>
    <property name="java.version.date" value="2021-01-19"/>
    <property name="java.vendor.url.bug" value="https://bugreport.java.com/bugreport/"/>
    <property name="sun.io.unicode.encoding" value="UnicodeLittle"/>
    <property name="sun.cpu.endian" value="little"/>
    <property name="sun.cpu.isalist" value="amd64"/>
  </properties>
  <testcase classname="com.rvg.WordCount.WordFrequencyAnalyzerTest" name="com.rvg.WordCount.WordFrequencyAnalyzerTest.testCalculateHighestFrequency" time="0.016">
    <failure message="Cannot invoke &quot;com.rvg.WordCount.WordFrequencyAnalyzer.calculateHighestFrequency(String)&quot; because &quot;this.wordFrequencyAnalyzer&quot; is null" type="java.lang.NullPointerException">java.lang.NullPointerException: Cannot invoke &quot;com.rvg.WordCount.WordFrequencyAnalyzer.calculateHighestFrequency(String)&quot; because &quot;this.wordFrequencyAnalyzer&quot; is null
	at com.rvg.WordCount.WordFrequencyAnalyzerTest.testCalculateHighestFrequency(WordFrequencyAnalyzerTest.java:21)
</failure>
  </testcase>
  <testcase classname="com.rvg.WordCount.WordFrequencyAnalyzerTest" name="com.rvg.WordCount.WordFrequencyAnalyzerTest.testCalculateFrequencyForWord" time="0">
    <failure message="Cannot invoke &quot;com.rvg.WordCount.WordFrequencyAnalyzer.calculateFrequencyForWord(String, String)&quot; because &quot;this.wordFrequencyAnalyzer&quot; is null" type="java.lang.NullPointerException">java.lang.NullPointerException: Cannot invoke &quot;com.rvg.WordCount.WordFrequencyAnalyzer.calculateFrequencyForWord(String, String)&quot; because &quot;this.wordFrequencyAnalyzer&quot; is null
	at com.rvg.WordCount.WordFrequencyAnalyzerTest.testCalculateFrequencyForWord(WordFrequencyAnalyzerTest.java:27)
</failure>
  </testcase>
  <testcase classname="com.rvg.WordCount.WordFrequencyAnalyzerTest" name="com.rvg.WordCount.WordFrequencyAnalyzerTest.testCalculateMostFrequentNWords" time="0">
    <failure message="Cannot invoke &quot;com.rvg.WordCount.WordFrequencyAnalyzer.calculateMostFrequentNWords(String, int)&quot; because &quot;this.wordFrequencyAnalyzer&quot; is null" type="java.lang.NullPointerException">java.lang.NullPointerException: Cannot invoke &quot;com.rvg.WordCount.WordFrequencyAnalyzer.calculateMostFrequentNWords(String, int)&quot; because &quot;this.wordFrequencyAnalyzer&quot; is null
	at com.rvg.WordCount.WordFrequencyAnalyzerTest.testCalculateMostFrequentNWords(WordFrequencyAnalyzerTest.java:33)
</failure>
  </testcase>
</testsuite>